<?xml version="1.0" encoding="UTF-8"?>
<testng-results skipped="0" failed="0" ignored="0" total="1" passed="1">
  <reporter-output>
  </reporter-output>
  <suite name="Default suite" duration-ms="65217" started-at="2020-09-27T12:25:12 IST" finished-at="2020-09-27T12:26:17 IST">
    <groups>
    </groups>
    <test name="Default test" duration-ms="65217" started-at="2020-09-27T12:25:12 IST" finished-at="2020-09-27T12:26:17 IST">
      <class name="seProj.Demo9">
        <test-method status="PASS" signature="testcase()[pri:0, instance:seProj.Demo9@7b49cea0]" name="testcase" duration-ms="64410" started-at="2020-09-27T12:25:13 IST" finished-at="2020-09-27T12:26:17 IST">
          <reporter-output>
          </reporter-output>
        </test-method> <!-- testcase -->
      </class> <!-- seProj.Demo9 -->
    </test> <!-- Default test -->
  </suite> <!-- Default suite -->
</testng-results>
