<?xml version="1.0" encoding="UTF-8"?>
<!-- Generated by org.testng.reporters.JUnitXMLReporter -->
<testsuite hostname="Lenovo" ignored="1" name="Test" tests="2" failures="0" timestamp="2020-09-26T12:12:54 IST" time="0.373" errors="0">
  <testcase name="testcase1" time="0.079" classname="seProj.Demo4"/>
  <testcase name="testcase3" time="0.011" classname="seProj.Demo4"/>
  <testcase name="testcase2" time="0.0" classname="seProj.Demo4">
    <ignored/>
  </testcase> <!-- testcase2 -->
</testsuite> <!-- Test -->
